176
15 1
59 9916
116 197
325 95
339 331
346 540
352 499
358 403
618 90
620 72
631 66
644 1517
676 1510
682 1450
787 748
846 1361
943 1231
979 1214
991 1049
1176 1054
1242 937
1310 881
1370 824
1393 814
1425 721
1533 2298
1591 2241
1620 2146
1754 1775
1813 1808
1817 1646
1841 1996
1846 1983
2080 2025
2124 1827
2216 2171
2238 2221
2304 9802
2324 9781
2338 9559
2342 9550
2351 2345
2407 2410
2474 2512
2516 9515
2534 7600
2541 7493
2567 3294
2584 3183
2702 3037
2764 2752
2794 3031
2881 2816
2960 2812
3030 2974
3057 2609
3082 3078
3116 3143
3178 3086
3306 2564
3313 7468
3320 7463
3365 3327
3387 7264
3388 3402
3473 3475
3501 4255
3502 3615
3582 3572
3604 3536
3644 3652
3726 4176
3729 3942
3886 3794
3947 3957
4057 3999
4091 3946
4209 3626
4242 3619
4304 3454
4395 5462
4566 4506
4581 4405
4682 5444
4743 5212
4788 5101
4880 4803
4967 4982
5001 4899
5175 5105
5210 5177
5246 4731
5252 4683
5351 5295
5380 5354
5396 5255
5454 4602
5464 4375
5477 7150
5496 5484
5596 5497
5608 5751
5610 5609
5681 5718
5723 5627
5797 7145
5798 7083
5877 7024
5910 6984
5920 6970
5997 6889
6021 6161
6039 6058
6151 6078
6238 6791
6247 6298
6369 6617
6435 6569
6550 6451
6634 6364
6687 6720
6745 6649
6746 6773
6778 6781
6822 6181
6841 6171
6887 6000
7044 5810
7134 7089
7162 4369
7174 3439
7208 3427
7267 3325
7347 7273
7495 7553
7557 2535
7630 7672
7696 7805
7731 7769
7875 9418
7947 8002
8056 9415
8057 9268
8136 8154
8195 8180
8210 8163
8284 8097
8395 8302
8449 8453
8469 8288
8524 8540
8689 8770
8755 8761
8788 8686
8912 8854
8914 8935
9032 8957
9089 8676
9095 8658
9155 8656
9158 8610
9178 8597
9185 8569
9197 8092
9209 8070
9251 9246
9409 9318
9420 7866
9474 7678
9494 2531
9518 2470
9522 2392
9587 9772
9654 9608
9716 9678
9850 633
